<?xml version="1.0" encoding="UTF-8"?>
<!-- Generated by org.testng.reporters.JUnitXMLReporter -->
<testsuite hostname="TerraLinux" ignored="0" name="WC Consultation Test" tests="1" failures="1" timestamp="02 May 2019 18:24:41 GMT" time="35.406" errors="0">
  <testcase name="doConsult" time="33.858" classname="testcases.WCConsultationFlowTest">
    <failure type="java.lang.ClassCastException" message="io.appium.java_client.android.AndroidDriver cannot be cast to org.openqa.selenium.interactions.HasTouchScreen">
      <![CDATA[java.lang.ClassCastException: io.appium.java_client.android.AndroidDriver cannot be cast to org.openqa.selenium.interactions.HasTouchScreen
at org.openqa.selenium.interactions.touch.TouchActions.<init>(TouchActions.java:38)
at screens.FindDoctor.selectDoctor(FindDoctor.java:19)
at testcases.WCConsultationFlowTest.doConsult(WCConsultationFlowTest.java:64)
... Removed 25 stack frames]]>
    </failure>
  </testcase> <!-- doConsult -->
</testsuite> <!-- WC Consultation Test -->
