<?xml version="1.0" encoding="UTF-8"?>
<!-- Generated by org.testng.reporters.JUnitXMLReporter -->
<testsuite hostname="TerraLinux" ignored="0" name="WebViewScreen Test" tests="1" failures="1" timestamp="22 Apr 2019 04:42:35 GMT" time="3.89" errors="0">
  <testcase name="validateWebViewScreen" time="2.011" classname="testcases.WebViewScreenValidationTest">
    <failure type="java.lang.AssertionError" message="expected [Web View Interaction] but found [Web View InteractionPPP]">
      <![CDATA[java.lang.AssertionError: expected [Web View Interaction] but found [Web View InteractionPPP]
at screens.WebViewInteractionScreen.validateWebViewText(WebViewInteractionScreen.java:34)
at testcases.WebViewScreenValidationTest.validateWebViewScreen(WebViewScreenValidationTest.java:24)
... Removed 31 stack frames]]>
    </failure>
  </testcase> <!-- validateWebViewScreen -->
</testsuite> <!-- WebViewScreen Test -->
