<?xml version="1.0" encoding="UTF-8"?>
<!-- Generated by org.testng.reporters.JUnitXMLReporter -->
<testsuite hostname="TerraLinux" ignored="0" name="Dependencies Test" tests="4" failures="1" timestamp="07 Apr 2019 11:03:10 GMT" time="0.027" errors="0">
  <testcase name="doUserRegistration" time="0.002" classname="Testcases.TestCase3">
    <failure type="java.lang.AssertionError" message="User can not register new account!">
      <![CDATA[java.lang.AssertionError: User can not register new account!
at Testcases.TestCase3.doUserRegistration(TestCase3.java:22)
... Removed 27 stack frames]]>
    </failure>
  </testcase> <!-- doUserRegistration -->
  <testcase name="doLogin" time="0.0" classname="Testcases.TestCase3">
    <skipped/>
  </testcase> <!-- doLogin -->
  <testcase name="doCreateContent" time="0.008" classname="Testcases.TestCase3"/>
  <testcase name="doOptimize" time="0.0" classname="Testcases.TestCase3">
    <skipped/>
  </testcase> <!-- doOptimize -->
</testsuite> <!-- Dependencies Test -->
