<?xml version="1.0" encoding="UTF-8"?>
<!-- Generated by org.testng.reporters.JUnitXMLReporter -->
<testsuite hostname="TerraLinux" ignored="0" name="Regression Validate Title Test" tests="1" failures="1" timestamp="07 Apr 2019 11:03:11 GMT" time="0.006" errors="0">
  <testcase name="validatesTitle" time="0.002" classname="Regression.TestCase2">
    <failure type="java.lang.AssertionError" message="expected:&amp;lt;Gmail.com&amp;gt; but was:&amp;lt;Yahoo.com&amp;gt;">
      <![CDATA[java.lang.AssertionError: expected:<Gmail.com> but was:<Yahoo.com>
at Regression.TestCase2.validatesTitle(TestCase2.java:27)
... Removed 28 stack frames]]>
    </failure>
  </testcase> <!-- validatesTitle -->
</testsuite> <!-- Regression Validate Title Test -->
