<?xml version="1.0" encoding="UTF-8"?>
<testng-results skipped="0" failed="1" ignored="0" total="1" passed="0">
  <reporter-output>
    <line>
      <![CDATA[<a href=/home/terra/eclipse-workspace/AppiumTestNG_WC_Android/src/test/resources/screenshots/doConsult_2019_3_5_1_24_40.jpeg target="_blank">Screenshot link</a>]]>
    </line>
    <line>
      <![CDATA[<br>]]>
    </line>
    <line>
      <![CDATA[<a href=/home/terra/eclipse-workspace/AppiumTestNG_WC_Android/src/test/resources/screenshots/doConsult_2019_3_5_1_24_40.jpeg target="_blank"><img height=200 width=200 src=/home/terra/eclipse-workspace/AppiumTestNG_WC_Android/src/test/resources/screenshots/doConsult_2019_3_5_1_24_40.jpeg></a>]]>
    </line>
  </reporter-output>
  <suite name="Functional Suite" duration-ms="35406" started-at="2019-05-02T18:24:06Z" finished-at="2019-05-02T18:24:41Z">
    <groups>
    </groups>
    <test name="WC Consultation Test" duration-ms="35406" started-at="2019-05-02T18:24:06Z" finished-at="2019-05-02T18:24:41Z">
      <class name="testcases.WCConsultationFlowTest">
        <test-method status="PASS" signature="setUp()[pri:0, instance:testcases.WCConsultationFlowTest@6c779568]" name="setUp" is-config="true" duration-ms="8489" started-at="2019-05-02T18:23:57Z" finished-at="2019-05-02T18:24:06Z">
          <reporter-output>
          </reporter-output>
        </test-method> <!-- setUp -->
        <test-method status="FAIL" signature="doConsult(java.util.Hashtable)[pri:1, instance:testcases.WCConsultationFlowTest@6c779568]" name="doConsult" duration-ms="33858" started-at="2019-05-02T18:24:06Z" data-provider="getData" finished-at="2019-05-02T18:24:40Z">
          <params>
            <param index="0">
              <value>
                <![CDATA[{expected2=My Child, medications=Aspirin, 1, 30; Para, 3, 30tabs, expected1=Myself, isChildConsult=No, isSeeDoctor=No, experiencingSymtomps=Flu, Fever, Diarrhoea, email=phuoc.tran@whitecoat.global, password=test1234, doctorName=Micheal Super}]]>
              </value>
            </param>
          </params>
          <exception class="java.lang.ClassCastException">
            <message>
              <![CDATA[io.appium.java_client.android.AndroidDriver cannot be cast to org.openqa.selenium.interactions.HasTouchScreen]]>
            </message>
            <full-stacktrace>
              <![CDATA[java.lang.ClassCastException: io.appium.java_client.android.AndroidDriver cannot be cast to org.openqa.selenium.interactions.HasTouchScreen
at org.openqa.selenium.interactions.touch.TouchActions.<init>(TouchActions.java:38)
at screens.FindDoctor.selectDoctor(FindDoctor.java:19)
at testcases.WCConsultationFlowTest.doConsult(WCConsultationFlowTest.java:64)
at sun.reflect.NativeMethodAccessorImpl.invoke0(Native Method)
at sun.reflect.NativeMethodAccessorImpl.invoke(NativeMethodAccessorImpl.java:62)
at sun.reflect.DelegatingMethodAccessorImpl.invoke(DelegatingMethodAccessorImpl.java:43)
at java.lang.reflect.Method.invoke(Method.java:498)
at org.testng.internal.MethodInvocationHelper.invokeMethod(MethodInvocationHelper.java:124)
at org.testng.internal.Invoker.invokeMethod(Invoker.java:583)
at org.testng.internal.Invoker.invokeTestMethod(Invoker.java:719)
at org.testng.internal.Invoker.invokeTestMethods(Invoker.java:989)
at org.testng.internal.TestMethodWorker.invokeTestMethods(TestMethodWorker.java:125)
at org.testng.internal.TestMethodWorker.run(TestMethodWorker.java:109)
at org.testng.TestRunner.privateRun(TestRunner.java:648)
at org.testng.TestRunner.run(TestRunner.java:505)
at org.testng.SuiteRunner.runTest(SuiteRunner.java:455)
at org.testng.SuiteRunner.runSequentially(SuiteRunner.java:450)
at org.testng.SuiteRunner.privateRun(SuiteRunner.java:415)
at org.testng.SuiteRunner.run(SuiteRunner.java:364)
at org.testng.SuiteRunnerWorker.runSuite(SuiteRunnerWorker.java:52)
at org.testng.SuiteRunnerWorker.run(SuiteRunnerWorker.java:84)
at org.testng.TestNG.runSuitesSequentially(TestNG.java:1208)
at org.testng.TestNG.runSuitesLocally(TestNG.java:1137)
at org.testng.TestNG.runSuites(TestNG.java:1049)
at org.testng.TestNG.run(TestNG.java:1017)
at org.testng.remote.AbstractRemoteTestNG.run(AbstractRemoteTestNG.java:115)
at org.testng.remote.RemoteTestNG.initAndRun(RemoteTestNG.java:251)
at org.testng.remote.RemoteTestNG.main(RemoteTestNG.java:77)
]]>
            </full-stacktrace>
          </exception> <!-- java.lang.ClassCastException -->
          <reporter-output>
            <line>
              <![CDATA[<a href=/home/terra/eclipse-workspace/AppiumTestNG_WC_Android/src/test/resources/screenshots/doConsult_2019_3_5_1_24_40.jpeg target="_blank">Screenshot link</a>]]>
            </line>
            <line>
              <![CDATA[<br>]]>
            </line>
            <line>
              <![CDATA[<a href=/home/terra/eclipse-workspace/AppiumTestNG_WC_Android/src/test/resources/screenshots/doConsult_2019_3_5_1_24_40.jpeg target="_blank"><img height=200 width=200 src=/home/terra/eclipse-workspace/AppiumTestNG_WC_Android/src/test/resources/screenshots/doConsult_2019_3_5_1_24_40.jpeg></a>]]>
            </line>
          </reporter-output>
        </test-method> <!-- doConsult -->
        <test-method status="PASS" signature="tearDown()[pri:0, instance:testcases.WCConsultationFlowTest@6c779568]" name="tearDown" is-config="true" duration-ms="4159" started-at="2019-05-02T18:24:41Z" finished-at="2019-05-02T18:24:45Z">
          <reporter-output>
          </reporter-output>
        </test-method> <!-- tearDown -->
      </class> <!-- testcases.WCConsultationFlowTest -->
    </test> <!-- WC Consultation Test -->
  </suite> <!-- Functional Suite -->
</testng-results>
